<?xml version="1.0" encoding="UTF-8"?>
<!-- Generated by org.testng.reporters.JUnitReportReporter -->
<testsuite skipped="0" hostname="Tejas" name="com.crm.qa.testcases.HomePageTest" tests="3" failures="0" timestamp="2018-11-12T12:56:08 IST" time="75.801" errors="0">
  <testcase name="validateHomePageTitleTest" time="23.905" classname="com.crm.qa.testcases.HomePageTest"/>
  <testcase name="validateUsernameTest" time="25.313" classname="com.crm.qa.testcases.HomePageTest"/>
  <testcase name="validateContactsLinkTest" time="26.583" classname="com.crm.qa.testcases.HomePageTest"/>
</testsuite> <!-- com.crm.qa.testcases.HomePageTest -->
