<?xml version="1.0" encoding="UTF-8"?>
<!-- Generated by org.testng.reporters.JUnitReportReporter -->
<testsuite skipped="0" hostname="Tejas" name="com.crm.qa.testcases.LoginpageTest" tests="8" failures="0" timestamp="2018-11-12T12:56:08 IST" time="164.025" errors="0">
  <testcase name="featuresLinkTest" time="28.336" classname="com.crm.qa.testcases.LoginpageTest"/>
  <testcase name="contactsLinkTest" time="28.067" classname="com.crm.qa.testcases.LoginpageTest"/>
  <testcase name="forgotPasswordLinkTest" time="19.381" classname="com.crm.qa.testcases.LoginpageTest"/>
  <testcase name="customersLinkTest" time="16.243" classname="com.crm.qa.testcases.LoginpageTest"/>
  <testcase name="signupClickTest" time="23.620" classname="com.crm.qa.testcases.LoginpageTest"/>
  <testcase name="loginPageTitleTest" time="12.396" classname="com.crm.qa.testcases.LoginpageTest"/>
  <testcase name="crmLogoImageTest" time="13.834" classname="com.crm.qa.testcases.LoginpageTest"/>
  <testcase name="loginTest" time="22.148" classname="com.crm.qa.testcases.LoginpageTest"/>
</testsuite> <!-- com.crm.qa.testcases.LoginpageTest -->
