<?xml version="1.0" encoding="UTF-8"?>
<!-- Generated by org.testng.reporters.JUnitReportReporter -->
<testsuite skipped="27" hostname="tejasn-mbp.local" name="com.crm.qa.testcases.ReportsPageTest" tests="28" failures="0" timestamp="08 Apr 2019 17:21:38 GMT" time="0.000" errors="1">
  <testcase name="setUp" time="0.000" classname="com.crm.qa.testcases.ReportsPageTest">
    <error type="java.lang.NullPointerException">
      <![CDATA[java.lang.NullPointerException
	at com.crm.qa.base.TestBase.initialization(TestBase.java:50)
	at com.crm.qa.testcases.ReportsPageTest.setUp(ReportsPageTest.java:32)
	at sun.reflect.NativeMethodAccessorImpl.invoke0(Native Method)
	at sun.reflect.NativeMethodAccessorImpl.invoke(NativeMethodAccessorImpl.java:62)
	at sun.reflect.DelegatingMethodAccessorImpl.invoke(DelegatingMethodAccessorImpl.java:43)
	at java.lang.reflect.Method.invoke(Method.java:498)
	at org.testng.internal.MethodInvocationHelper.invokeMethod(MethodInvocationHelper.java:108)
	at org.testng.internal.Invoker.invokeConfigurationMethod(Invoker.java:523)
	at org.testng.internal.Invoker.invokeConfigurations(Invoker.java:224)
	at org.testng.internal.Invoker.invokeMethod(Invoker.java:599)
	at org.testng.internal.Invoker.invokeTestMethod(Invoker.java:869)
	at org.testng.internal.Invoker.invokeTestMethods(Invoker.java:1193)
	at org.testng.internal.TestMethodWorker.invokeTestMethods(TestMethodWorker.java:126)
	at org.testng.internal.TestMethodWorker.run(TestMethodWorker.java:109)
	at org.testng.TestRunner.privateRun(TestRunner.java:744)
	at org.testng.TestRunner.run(TestRunner.java:602)
	at org.testng.SuiteRunner.runTest(SuiteRunner.java:380)
	at org.testng.SuiteRunner.runSequentially(SuiteRunner.java:375)
	at org.testng.SuiteRunner.privateRun(SuiteRunner.java:340)
	at org.testng.SuiteRunner.run(SuiteRunner.java:289)
	at org.testng.SuiteRunnerWorker.runSuite(SuiteRunnerWorker.java:52)
	at org.testng.SuiteRunnerWorker.run(SuiteRunnerWorker.java:86)
	at org.testng.TestNG.runSuitesSequentially(TestNG.java:1301)
	at org.testng.TestNG.runSuitesLocally(TestNG.java:1226)
	at org.testng.TestNG.runSuites(TestNG.java:1144)
	at org.testng.TestNG.run(TestNG.java:1115)
	at org.apache.maven.surefire.testng.TestNGExecutor.run(TestNGExecutor.java:77)
	at org.apache.maven.surefire.testng.TestNGDirectoryTestSuite.executeMulti(TestNGDirectoryTestSuite.java:159)
	at org.apache.maven.surefire.testng.TestNGDirectoryTestSuite.execute(TestNGDirectoryTestSuite.java:99)
	at org.apache.maven.surefire.testng.TestNGProvider.invoke(TestNGProvider.java:106)
	at sun.reflect.NativeMethodAccessorImpl.invoke0(Native Method)
	at sun.reflect.NativeMethodAccessorImpl.invoke(NativeMethodAccessorImpl.java:62)
	at sun.reflect.DelegatingMethodAccessorImpl.invoke(DelegatingMethodAccessorImpl.java:43)
	at java.lang.reflect.Method.invoke(Method.java:498)
	at org.apache.maven.surefire.util.ReflectionUtils.invokeMethodWithArray(ReflectionUtils.java:189)
	at org.apache.maven.surefire.booter.ProviderFactory$ProviderProxy.invoke(ProviderFactory.java:165)
	at org.apache.maven.surefire.booter.ProviderFactory.invokeProvider(ProviderFactory.java:85)
	at org.apache.maven.surefire.booter.ForkedBooter.runSuitesInProcess(ForkedBooter.java:115)
	at org.apache.maven.surefire.booter.ForkedBooter.main(ForkedBooter.java:75)
]]>
    </error>
  </testcase> <!-- setUp -->
  <testcase name="validateReportsPageLabel" time="0.000" classname="com.crm.qa.testcases.ReportsPageTest">
    <skipped/>
  </testcase> <!-- validateReportsPageLabel -->
  <testcase name="validateCallStatisticsReport" time="0.000" classname="com.crm.qa.testcases.ReportsPageTest">
    <skipped/>
  </testcase> <!-- validateCallStatisticsReport -->
  <testcase name="validateMostCalledContactsReport" time="0.000" classname="com.crm.qa.testcases.ReportsPageTest">
    <skipped/>
  </testcase> <!-- validateMostCalledContactsReport -->
  <testcase name="validateCallByMonthReport" time="0.000" classname="com.crm.qa.testcases.ReportsPageTest">
    <skipped/>
  </testcase> <!-- validateCallByMonthReport -->
  <testcase name="validateCallByWeekReport" time="0.000" classname="com.crm.qa.testcases.ReportsPageTest">
    <skipped/>
  </testcase> <!-- validateCallByWeekReport -->
  <testcase name="validateCallsByTeamReport" time="0.000" classname="com.crm.qa.testcases.ReportsPageTest">
    <skipped/>
  </testcase> <!-- validateCallsByTeamReport -->
  <testcase name="validateDealCallsReport" time="0.000" classname="com.crm.qa.testcases.ReportsPageTest">
    <skipped/>
  </testcase> <!-- validateDealCallsReport -->
  <testcase name="validateTaskCallsReport" time="0.000" classname="com.crm.qa.testcases.ReportsPageTest">
    <skipped/>
  </testcase> <!-- validateTaskCallsReport -->
  <testcase name="validateCaseCallsReport" time="0.000" classname="com.crm.qa.testcases.ReportsPageTest">
    <skipped/>
  </testcase> <!-- validateCaseCallsReport -->
  <testcase name="validateCallFlagsReport" time="0.000" classname="com.crm.qa.testcases.ReportsPageTest">
    <skipped/>
  </testcase> <!-- validateCallFlagsReport -->
  <testcase name="validateCallFlagsByUserReport" time="0.000" classname="com.crm.qa.testcases.ReportsPageTest">
    <skipped/>
  </testcase> <!-- validateCallFlagsByUserReport -->
  <testcase name="validateCallsByTImeReportLink" time="0.000" classname="com.crm.qa.testcases.ReportsPageTest">
    <skipped/>
  </testcase> <!-- validateCallsByTImeReportLink -->
  <testcase name="validateCallByDayReport" time="0.000" classname="com.crm.qa.testcases.ReportsPageTest">
    <skipped/>
  </testcase> <!-- validateCallByDayReport -->
  <testcase name="validateCaseStatisticsReport" time="0.000" classname="com.crm.qa.testcases.ReportsPageTest">
    <skipped/>
  </testcase> <!-- validateCaseStatisticsReport -->
  <testcase name="validateAllOpenCasesReport" time="0.000" classname="com.crm.qa.testcases.ReportsPageTest">
    <skipped/>
  </testcase> <!-- validateAllOpenCasesReport -->
  <testcase name="validateClosedCasesReport" time="0.000" classname="com.crm.qa.testcases.ReportsPageTest">
    <skipped/>
  </testcase> <!-- validateClosedCasesReport -->
  <testcase name="validateOpenCasesReport" time="0.000" classname="com.crm.qa.testcases.ReportsPageTest">
    <skipped/>
  </testcase> <!-- validateOpenCasesReport -->
  <testcase name="validateOpenAndClosedCasesReport" time="0.000" classname="com.crm.qa.testcases.ReportsPageTest">
    <skipped/>
  </testcase> <!-- validateOpenAndClosedCasesReport -->
  <testcase name="validateCasesClosedByUsersReport" time="0.000" classname="com.crm.qa.testcases.ReportsPageTest">
    <skipped/>
  </testcase> <!-- validateCasesClosedByUsersReport -->
  <testcase name="validateCasesByUsersReport" time="0.000" classname="com.crm.qa.testcases.ReportsPageTest">
    <skipped/>
  </testcase> <!-- validateCasesByUsersReport -->
  <testcase name="validateCasesOpenByUsersReport" time="0.000" classname="com.crm.qa.testcases.ReportsPageTest">
    <skipped/>
  </testcase> <!-- validateCasesOpenByUsersReport -->
  <testcase name="validateCasesAndCompaniesReport" time="0.000" classname="com.crm.qa.testcases.ReportsPageTest">
    <skipped/>
  </testcase> <!-- validateCasesAndCompaniesReport -->
  <testcase name="validateCompanyStatisticsReport" time="0.000" classname="com.crm.qa.testcases.ReportsPageTest">
    <skipped/>
  </testcase> <!-- validateCompanyStatisticsReport -->
  <testcase name="validateCompanyCountriesReport" time="0.000" classname="com.crm.qa.testcases.ReportsPageTest">
    <skipped/>
  </testcase> <!-- validateCompanyCountriesReport -->
  <testcase name="validateCompanyDealsReport" time="0.000" classname="com.crm.qa.testcases.ReportsPageTest">
    <skipped/>
  </testcase> <!-- validateCompanyDealsReport -->
  <testcase name="validateCompanyCountByUserReport" time="0.000" classname="com.crm.qa.testcases.ReportsPageTest">
    <skipped/>
  </testcase> <!-- validateCompanyCountByUserReport -->
  <testcase name="validateCompanyCategoriesReport" time="0.000" classname="com.crm.qa.testcases.ReportsPageTest">
    <skipped/>
  </testcase> <!-- validateCompanyCategoriesReport -->
</testsuite> <!-- com.crm.qa.testcases.ReportsPageTest -->
