<?xml version="1.0" encoding="UTF-8"?>
<!-- Generated by org.testng.reporters.JUnitReportReporter -->
<testsuite skipped="1" hostname="tejasn-mbp.local" name="com.crm.qa.testcases.SignupPageTest" tests="1" failures="0" timestamp="08 Apr 2019 17:21:58 GMT" time="0.000" errors="0">
  <testcase name="validateSignupPage" time="0.000" classname="com.crm.qa.testcases.SignupPageTest">
    <skipped/>
  </testcase> <!-- validateSignupPage -->
</testsuite> <!-- com.crm.qa.testcases.SignupPageTest -->
