<?xml version="1.0" encoding="UTF-8"?>
<!-- Generated by org.testng.reporters.JUnitReportReporter -->
<testsuite skipped="2" hostname="tejasn-mbp.local" name="com.crm.qa.testcases.CalendarPageTest" tests="2" failures="0" timestamp="08 Apr 2019 17:21:03 GMT" time="0.000" errors="0">
  <testcase name="validateCreateNewCalendarEventWithoutAssignedToSelected" time="0.000" classname="com.crm.qa.testcases.CalendarPageTest">
    <skipped/>
  </testcase> <!-- validateCreateNewCalendarEventWithoutAssignedToSelected -->
  <testcase name="validateCreateNewCalendarEvent" time="0.000" classname="com.crm.qa.testcases.CalendarPageTest">
    <skipped/>
  </testcase> <!-- validateCreateNewCalendarEvent -->
</testsuite> <!-- com.crm.qa.testcases.CalendarPageTest -->
